<?xml version="1.0" encoding="UTF-8"?>
<!-- Generated by org.testng.reporters.JUnitXMLReporter -->
<testsuite hostname="Naveen-Mac.local" ignored="0" name="hub spot regression Test" tests="3" failures="0" timestamp="14 Jun 2019 06:58:21 GMT" time="36.8" errors="0">
  <testcase name="verifyLoginPageTitleTest" time="0.02" classname="com.qa.hubspot.tests.LoginPageTestBy"/>
  <testcase name="verifySignUpLinkTest" time="0.059" classname="com.qa.hubspot.tests.LoginPageTestBy"/>
  <testcase name="hubSpotLoginTest" time="6.355" classname="com.qa.hubspot.tests.LoginPageTestBy"/>
</testsuite> <!-- hub spot regression Test -->
